[2024-07-04T13:22:46.077+0530] {local_task_job_runner.py:120} INFO - ::group::Pre task execution logs
[2024-07-04T13:22:46.092+0530] {taskinstance.py:2076} INFO - Dependencies all met for dep_context=non-requeueable deps ti=<TaskInstance: data_transformation.table_creation scheduled__2024-07-03T00:00:00+00:00 [queued]>
[2024-07-04T13:22:46.100+0530] {taskinstance.py:2076} INFO - Dependencies all met for dep_context=requeueable deps ti=<TaskInstance: data_transformation.table_creation scheduled__2024-07-03T00:00:00+00:00 [queued]>
[2024-07-04T13:22:46.100+0530] {taskinstance.py:2306} INFO - Starting attempt 1 of 2
[2024-07-04T13:22:46.114+0530] {taskinstance.py:2330} INFO - Executing <Task(SqliteOperator): table_creation> on 2024-07-03 00:00:00+00:00
[2024-07-04T13:22:46.117+0530] {standard_task_runner.py:63} INFO - Started process 95338 to run task
[2024-07-04T13:22:46.120+0530] {standard_task_runner.py:90} INFO - Running: ['airflow', 'tasks', 'run', 'data_transformation', 'table_creation', 'scheduled__2024-07-03T00:00:00+00:00', '--job-id', '9', '--raw', '--subdir', 'DAGS_FOLDER/etl.py', '--cfg-path', '/tmp/tmpna_yer4b']
[2024-07-04T13:22:46.121+0530] {standard_task_runner.py:91} INFO - Job 9: Subtask table_creation
[2024-07-04T13:22:46.163+0530] {task_command.py:426} INFO - Running <TaskInstance: data_transformation.table_creation scheduled__2024-07-03T00:00:00+00:00 [running]> on host ongraph-Lenovo-V130-14IKB
[2024-07-04T13:22:46.233+0530] {taskinstance.py:2648} INFO - Exporting env vars: AIRFLOW_CTX_DAG_OWNER='rohit' AIRFLOW_CTX_DAG_ID='data_transformation' AIRFLOW_CTX_TASK_ID='table_creation' AIRFLOW_CTX_EXECUTION_DATE='2024-07-03T00:00:00+00:00' AIRFLOW_CTX_TRY_NUMBER='1' AIRFLOW_CTX_DAG_RUN_ID='scheduled__2024-07-03T00:00:00+00:00'
[2024-07-04T13:22:46.233+0530] {taskinstance.py:430} INFO - ::endgroup::
[2024-07-04T13:22:46.260+0530] {sql.py:276} INFO - Executing: 
                CREATE TABLE IF NOT EXISTS newspaper_data (
                id INTEGER PRIMARY KEY,
                lccn TEXT,
                url TEXT,
                state TEXT,
                title TEXT
                );
            
[2024-07-04T13:22:46.270+0530] {base.py:84} INFO - Using connection ID 'db_connection' for task execution.
[2024-07-04T13:22:46.300+0530] {base.py:84} INFO - Using connection ID 'db_connection' for task execution.
[2024-07-04T13:22:46.301+0530] {sql.py:487} INFO - Running statement: 
                CREATE TABLE IF NOT EXISTS newspaper_data (
                id INTEGER PRIMARY KEY,
                lccn TEXT,
                url TEXT,
                state TEXT,
                title TEXT
                );
            , parameters: None
[2024-07-04T13:22:46.305+0530] {taskinstance.py:441} INFO - ::group::Post task execution logs
[2024-07-04T13:22:46.311+0530] {taskinstance.py:1206} INFO - Marking task as SUCCESS. dag_id=data_transformation, task_id=table_creation, run_id=scheduled__2024-07-03T00:00:00+00:00, execution_date=20240703T000000, start_date=20240704T075246, end_date=20240704T075246
[2024-07-04T13:22:46.332+0530] {local_task_job_runner.py:240} INFO - Task exited with return code 0
[2024-07-04T13:22:46.344+0530] {logging_mixin.py:188} WARNING - /home/ongraph/Desktop/airflow/airflow_ETL/venv/lib/python3.10/site-packages/airflow/models/baseoperator.py:1297 AirflowProviderDeprecationWarning: Call to deprecated class SqliteOperator. (Please use `airflow.providers.common.sql.operators.sql.SQLExecuteQueryOperator`.)
[2024-07-04T13:22:46.356+0530] {taskinstance.py:3503} INFO - 0 downstream tasks scheduled from follow-on schedule check
[2024-07-04T13:22:46.356+0530] {local_task_job_runner.py:222} INFO - ::endgroup::
