[2024-07-04T13:22:41.646+0530] {local_task_job_runner.py:120} INFO - ::group::Pre task execution logs
[2024-07-04T13:22:41.657+0530] {taskinstance.py:2076} INFO - Dependencies all met for dep_context=non-requeueable deps ti=<TaskInstance: data_transformation.data_extraction scheduled__2024-07-03T00:00:00+00:00 [queued]>
[2024-07-04T13:22:41.666+0530] {taskinstance.py:2076} INFO - Dependencies all met for dep_context=requeueable deps ti=<TaskInstance: data_transformation.data_extraction scheduled__2024-07-03T00:00:00+00:00 [queued]>
[2024-07-04T13:22:41.666+0530] {taskinstance.py:2306} INFO - Starting attempt 7 of 8
[2024-07-04T13:22:41.679+0530] {taskinstance.py:2330} INFO - Executing <Task(HttpOperator): data_extraction> on 2024-07-03 00:00:00+00:00
[2024-07-04T13:22:41.682+0530] {standard_task_runner.py:63} INFO - Started process 95327 to run task
[2024-07-04T13:22:41.685+0530] {standard_task_runner.py:90} INFO - Running: ['airflow', 'tasks', 'run', 'data_transformation', 'data_extraction', 'scheduled__2024-07-03T00:00:00+00:00', '--job-id', '8', '--raw', '--subdir', 'DAGS_FOLDER/etl.py', '--cfg-path', '/tmp/tmpp7blfi8n']
[2024-07-04T13:22:41.687+0530] {standard_task_runner.py:91} INFO - Job 8: Subtask data_extraction
[2024-07-04T13:22:41.723+0530] {task_command.py:426} INFO - Running <TaskInstance: data_transformation.data_extraction scheduled__2024-07-03T00:00:00+00:00 [running]> on host ongraph-Lenovo-V130-14IKB
[2024-07-04T13:22:41.846+0530] {taskinstance.py:2648} INFO - Exporting env vars: AIRFLOW_CTX_DAG_OWNER='rohit' AIRFLOW_CTX_DAG_ID='data_transformation' AIRFLOW_CTX_TASK_ID='data_extraction' AIRFLOW_CTX_EXECUTION_DATE='2024-07-03T00:00:00+00:00' AIRFLOW_CTX_TRY_NUMBER='7' AIRFLOW_CTX_DAG_RUN_ID='scheduled__2024-07-03T00:00:00+00:00'
[2024-07-04T13:22:41.847+0530] {taskinstance.py:430} INFO - ::endgroup::
[2024-07-04T13:22:41.859+0530] {http.py:169} INFO - Calling HTTP method
[2024-07-04T13:22:41.866+0530] {base.py:84} INFO - Using connection ID 'http_connection' for task execution.
[2024-07-04T13:22:41.892+0530] {base.py:84} INFO - Using connection ID 'http_connection' for task execution.
[2024-07-04T13:22:43.620+0530] {taskinstance.py:441} INFO - ::group::Post task execution logs
[2024-07-04T13:22:43.664+0530] {taskinstance.py:1206} INFO - Marking task as SUCCESS. dag_id=data_transformation, task_id=data_extraction, run_id=scheduled__2024-07-03T00:00:00+00:00, execution_date=20240703T000000, start_date=20240704T075241, end_date=20240704T075243
[2024-07-04T13:22:43.707+0530] {local_task_job_runner.py:240} INFO - Task exited with return code 0
[2024-07-04T13:22:43.724+0530] {logging_mixin.py:188} WARNING - /home/ongraph/Desktop/airflow/airflow_ETL/venv/lib/python3.10/site-packages/airflow/models/baseoperator.py:1297 AirflowProviderDeprecationWarning: Call to deprecated class SqliteOperator. (Please use `airflow.providers.common.sql.operators.sql.SQLExecuteQueryOperator`.)
[2024-07-04T13:22:43.741+0530] {taskinstance.py:3503} INFO - 2 downstream tasks scheduled from follow-on schedule check
[2024-07-04T13:22:43.752+0530] {local_task_job_runner.py:222} INFO - ::endgroup::
