[2024-07-04T13:59:32.792+0530] {local_task_job_runner.py:120} INFO - ::group::Pre task execution logs
[2024-07-04T13:59:32.809+0530] {taskinstance.py:2076} INFO - Dependencies all met for dep_context=non-requeueable deps ti=<TaskInstance: data_transformation_v1.data_extraction scheduled__2024-07-03T00:00:00+00:00 [queued]>
[2024-07-04T13:59:32.815+0530] {taskinstance.py:2076} INFO - Dependencies all met for dep_context=requeueable deps ti=<TaskInstance: data_transformation_v1.data_extraction scheduled__2024-07-03T00:00:00+00:00 [queued]>
[2024-07-04T13:59:32.816+0530] {taskinstance.py:2306} INFO - Starting attempt 3 of 4
[2024-07-04T13:59:32.840+0530] {taskinstance.py:2330} INFO - Executing <Task(HttpOperator): data_extraction> on 2024-07-03 00:00:00+00:00
[2024-07-04T13:59:32.844+0530] {standard_task_runner.py:63} INFO - Started process 98051 to run task
[2024-07-04T13:59:32.848+0530] {standard_task_runner.py:90} INFO - Running: ['airflow', 'tasks', 'run', 'data_transformation_v1', 'data_extraction', 'scheduled__2024-07-03T00:00:00+00:00', '--job-id', '20', '--raw', '--subdir', 'DAGS_FOLDER/etl.py', '--cfg-path', '/tmp/tmp6zf2omna']
[2024-07-04T13:59:32.850+0530] {standard_task_runner.py:91} INFO - Job 20: Subtask data_extraction
[2024-07-04T13:59:32.911+0530] {task_command.py:426} INFO - Running <TaskInstance: data_transformation_v1.data_extraction scheduled__2024-07-03T00:00:00+00:00 [running]> on host ongraph-Lenovo-V130-14IKB
[2024-07-04T13:59:33.063+0530] {taskinstance.py:2648} INFO - Exporting env vars: AIRFLOW_CTX_DAG_OWNER='rohit' AIRFLOW_CTX_DAG_ID='data_transformation_v1' AIRFLOW_CTX_TASK_ID='data_extraction' AIRFLOW_CTX_EXECUTION_DATE='2024-07-03T00:00:00+00:00' AIRFLOW_CTX_TRY_NUMBER='3' AIRFLOW_CTX_DAG_RUN_ID='scheduled__2024-07-03T00:00:00+00:00'
[2024-07-04T13:59:33.063+0530] {taskinstance.py:430} INFO - ::endgroup::
[2024-07-04T13:59:33.076+0530] {http.py:169} INFO - Calling HTTP method
[2024-07-04T13:59:33.080+0530] {base.py:84} INFO - Using connection ID 'http_connection' for task execution.
[2024-07-04T13:59:33.101+0530] {base.py:84} INFO - Using connection ID 'http_connection' for task execution.
[2024-07-04T13:59:33.525+0530] {taskinstance.py:441} INFO - ::group::Post task execution logs
[2024-07-04T13:59:33.600+0530] {taskinstance.py:1206} INFO - Marking task as SUCCESS. dag_id=data_transformation_v1, task_id=data_extraction, run_id=scheduled__2024-07-03T00:00:00+00:00, execution_date=20240703T000000, start_date=20240704T082932, end_date=20240704T082933
[2024-07-04T13:59:33.662+0530] {local_task_job_runner.py:240} INFO - Task exited with return code 0
[2024-07-04T13:59:33.680+0530] {logging_mixin.py:188} WARNING - /home/ongraph/Desktop/airflow/airflow_ETL/venv/lib/python3.10/site-packages/airflow/models/baseoperator.py:1297 AirflowProviderDeprecationWarning: Call to deprecated class SqliteOperator. (Please use `airflow.providers.common.sql.operators.sql.SQLExecuteQueryOperator`.)
[2024-07-04T13:59:33.697+0530] {taskinstance.py:3503} INFO - 2 downstream tasks scheduled from follow-on schedule check
[2024-07-04T13:59:33.700+0530] {local_task_job_runner.py:222} INFO - ::endgroup::
